2019-09-23 23:04:25 [INFO ] [ContextLoader.java]initWebApplicationContext(305) : Root WebApplicationContext: initialization started
2019-09-23 23:04:26 [INFO ] [AbstractApplicationContext.java]prepareRefresh(582) : Refreshing Root WebApplicationContext: startup date [Mon Sep 23 23:04:26 KST 2019]; root of context hierarchy
2019-09-23 23:04:26 [INFO ] [XmlBeanDefinitionReader.java]loadBeanDefinitions(317) : Loading XML bean definitions from ServletContext resource [/WEB-INF/spring/root-context.xml]
2019-09-23 23:04:27 [INFO ] [ContextLoader.java]initWebApplicationContext(345) : Root WebApplicationContext: initialization completed in 1207 ms
2019-09-23 23:04:27 [INFO ] [FrameworkServlet.java]initServletBean(489) : FrameworkServlet 'appServlet': initialization started
2019-09-23 23:04:27 [INFO ] [AbstractApplicationContext.java]prepareRefresh(582) : Refreshing WebApplicationContext for namespace 'appServlet-servlet': startup date [Mon Sep 23 23:04:27 KST 2019]; parent: Root WebApplicationContext
2019-09-23 23:04:27 [INFO ] [XmlBeanDefinitionReader.java]loadBeanDefinitions(317) : Loading XML bean definitions from ServletContext resource [/WEB-INF/spring/appServlet/servlet-context.xml]
2019-09-23 23:04:27 [INFO ] [XmlBeanDefinitionReader.java]loadBeanDefinitions(317) : Loading XML bean definitions from ServletContext resource [/WEB-INF/spring/config/websocketContext.xml]
2019-09-23 23:04:27 [INFO ] [AutowiredAnnotationBeanPostProcessor.java]<init>(155) : JSR-330 'javax.inject.Inject' annotation found and supported for autowiring
2019-09-23 23:04:27 [INFO ] [AbstractHandlerMethodMapping.java]register(543) : Mapped "{[/weatherXML.go],methods=[GET]}" onto public java.lang.String com.simple.project1.common.WeatherController.weatherXML()
2019-09-23 23:04:27 [INFO ] [AbstractHandlerMethodMapping.java]register(543) : Mapped "{[/productStatusDetail.p1]}" onto public org.springframework.web.servlet.ModelAndView com.simple.project1.controller.AdminController.productStatusDetail(javax.servlet.http.HttpServletRequest,org.springframework.web.servlet.ModelAndView)
2019-09-23 23:04:27 [INFO ] [AbstractHandlerMethodMapping.java]register(543) : Mapped "{[/hotelRegEnd.p1],methods=[POST]}" onto public org.springframework.web.servlet.ModelAndView com.simple.project1.controller.AdminController.hotelRegEnd(com.simple.project1.model.HotelRoomVO,org.springframework.web.multipart.MultipartHttpServletRequest,org.springframework.web.servlet.ModelAndView)
2019-09-23 23:04:27 [INFO ] [AbstractHandlerMethodMapping.java]register(543) : Mapped "{[/productStatus.p1]}" onto public org.springframework.web.servlet.ModelAndView com.simple.project1.controller.AdminController.productStatus(org.springframework.web.servlet.ModelAndView,com.simple.project1.model.HotelRoomVO)
2019-09-23 23:04:27 [INFO ] [AbstractHandlerMethodMapping.java]register(543) : Mapped "{[/roomReg.p1]}" onto public org.springframework.web.servlet.ModelAndView com.simple.project1.controller.AdminController.roomReg(org.springframework.web.servlet.ModelAndView)
2019-09-23 23:04:27 [INFO ] [AbstractHandlerMethodMapping.java]register(543) : Mapped "{[/productChange.p1],methods=[POST]}" onto public org.springframework.web.servlet.ModelAndView com.simple.project1.controller.AdminController.productChange(com.simple.project1.model.HotelRoomVO,javax.servlet.http.HttpServletRequest,org.springframework.web.servlet.ModelAndView)
2019-09-23 23:04:27 [INFO ] [AbstractHandlerMethodMapping.java]register(543) : Mapped "{[/hotelReg.p1]}" onto public org.springframework.web.servlet.ModelAndView com.simple.project1.controller.AdminController.hotelReg(org.springframework.web.servlet.ModelAndView)
2019-09-23 23:04:27 [INFO ] [AbstractHandlerMethodMapping.java]register(543) : Mapped "{[/roomRegEnd.p1],methods=[POST]}" onto public org.springframework.web.servlet.ModelAndView com.simple.project1.controller.AdminController.roomRegEnd(com.simple.project1.model.HotelRoomVO,org.springframework.web.multipart.MultipartHttpServletRequest,org.springframework.web.servlet.ModelAndView)
2019-09-23 23:04:27 [INFO ] [AbstractHandlerMethodMapping.java]register(543) : Mapped "{[/productChart.p1]}" onto public org.springframework.web.servlet.ModelAndView com.simple.project1.controller.AdminController.productChart(org.springframework.web.servlet.ModelAndView)
2019-09-23 23:04:27 [INFO ] [AbstractHandlerMethodMapping.java]register(543) : Mapped "{[/adminReserveList.p1]}" onto public org.springframework.web.servlet.ModelAndView com.simple.project1.controller.AdminController.adminReserveList(javax.servlet.http.HttpServletRequest,org.springframework.web.servlet.ModelAndView,com.simple.project1.model.HotelRoomVO)
2019-09-23 23:04:28 [INFO ] [AbstractHandlerMethodMapping.java]register(543) : Mapped "{[/ajaxInsertReserve.p1],produces=[text/plain;charset=UTF-8]}" onto public java.lang.String com.simple.project1.controller.AjaxController.ajaxInsertReserve(javax.servlet.http.HttpServletRequest,com.simple.project1.model.HotelRoomVO)
2019-09-23 23:04:28 [INFO ] [AbstractHandlerMethodMapping.java]register(543) : Mapped "{[/ajaxReview.p1],produces=[text/plain;charset=UTF-8]}" onto public java.lang.String com.simple.project1.controller.AjaxController.ajaxReview(javax.servlet.http.HttpServletRequest,com.simple.project1.model.HotelRoomVO)
2019-09-23 23:04:28 [INFO ] [AbstractHandlerMethodMapping.java]register(543) : Mapped "{[/ajaxSearchOption.p1],produces=[text/plain;charset=UTF-8]}" onto public java.lang.String com.simple.project1.controller.AjaxController.ajaxSearchOption(javax.servlet.http.HttpServletRequest)
2019-09-23 23:04:28 [INFO ] [AbstractHandlerMethodMapping.java]register(543) : Mapped "{[/ajaxTrendList.p1],produces=[text/plain;charset=UTF-8]}" onto public java.lang.String com.simple.project1.controller.AjaxController.ajaxTrendList(javax.servlet.http.HttpServletRequest)
2019-09-23 23:04:28 [INFO ] [AbstractHandlerMethodMapping.java]register(543) : Mapped "{[/ajaxWordSearch.p1],produces=[text/plain;charset=UTF-8]}" onto public java.lang.String com.simple.project1.controller.AjaxController.ajaxWordSearch(javax.servlet.http.HttpServletRequest)
2019-09-23 23:04:28 [INFO ] [AbstractHandlerMethodMapping.java]register(543) : Mapped "{[/ajaxSearchWord.p1],produces=[text/plain;charset=UTF-8]}" onto public java.lang.String com.simple.project1.controller.AjaxController.ajaxSearchWord(javax.servlet.http.HttpServletRequest)
2019-09-23 23:04:28 [INFO ] [AbstractHandlerMethodMapping.java]register(543) : Mapped "{[/ajaxReserveCk.p1],produces=[text/plain;charset=UTF-8]}" onto public java.lang.String com.simple.project1.controller.AjaxController.ajaxReserveCk(javax.servlet.http.HttpServletRequest,com.simple.project1.model.HotelRoomVO)
2019-09-23 23:04:28 [INFO ] [AbstractHandlerMethodMapping.java]register(543) : Mapped "{[/ajaxSearchMap.p1],produces=[text/plain;charset=UTF-8]}" onto public java.lang.String com.simple.project1.controller.AjaxController.ajaxSearchMap(javax.servlet.http.HttpServletRequest)
2019-09-23 23:04:28 [INFO ] [AbstractHandlerMethodMapping.java]register(543) : Mapped "{[/ajaxHotelidx.p1],produces=[text/plain;charset=UTF-8]}" onto public java.lang.String com.simple.project1.controller.AjaxController.ajaxHotelidx(javax.servlet.http.HttpServletRequest)
2019-09-23 23:04:28 [INFO ] [AbstractHandlerMethodMapping.java]register(543) : Mapped "{[/ajaxWeatherXML.p1],produces=[text/plain;charset=UTF-8]}" onto public java.lang.String com.simple.project1.controller.AjaxController.ajaxWeatherXML(javax.servlet.http.HttpServletRequest)
2019-09-23 23:04:28 [INFO ] [AbstractHandlerMethodMapping.java]register(543) : Mapped "{[/ajaxHotelChart.p1],produces=[text/plain;charset=UTF-8]}" onto public java.lang.String com.simple.project1.controller.AjaxController.ajaxHotelChart(javax.servlet.http.HttpServletRequest)
2019-09-23 23:04:28 [INFO ] [AbstractHandlerMethodMapping.java]register(543) : Mapped "{[/index.p1]}" onto public org.springframework.web.servlet.ModelAndView com.simple.project1.controller.HotelRoomController.index(javax.servlet.http.HttpServletRequest,org.springframework.web.servlet.ModelAndView)
2019-09-23 23:04:28 [INFO ] [AbstractHandlerMethodMapping.java]register(543) : Mapped "{[/search.p1]}" onto public org.springframework.web.servlet.ModelAndView com.simple.project1.controller.HotelRoomController.roomSearch(javax.servlet.http.HttpServletRequest,javax.servlet.http.HttpServletResponse,org.springframework.web.servlet.ModelAndView,com.simple.project1.model.HotelRoomVO)
2019-09-23 23:04:28 [INFO ] [AbstractHandlerMethodMapping.java]register(543) : Mapped "{[/product.p1]}" onto public org.springframework.web.servlet.ModelAndView com.simple.project1.controller.HotelRoomController.product(javax.servlet.http.HttpServletRequest,javax.servlet.http.HttpServletResponse,org.springframework.web.servlet.ModelAndView,com.simple.project1.model.HotelRoomVO)
2019-09-23 23:04:28 [INFO ] [AbstractHandlerMethodMapping.java]register(543) : Mapped "{[/register.p1]}" onto public org.springframework.web.servlet.ModelAndView com.simple.project1.controller.MemberController.register(javax.servlet.http.HttpServletRequest,org.springframework.web.servlet.ModelAndView)
2019-09-23 23:04:28 [INFO ] [AbstractHandlerMethodMapping.java]register(543) : Mapped "{[/logout.p1]}" onto public org.springframework.web.servlet.ModelAndView com.simple.project1.controller.MemberController.logout(javax.servlet.http.HttpServletRequest,org.springframework.web.servlet.ModelAndView)
2019-09-23 23:04:28 [INFO ] [AbstractHandlerMethodMapping.java]register(543) : Mapped "{[/login.p1]}" onto public org.springframework.web.servlet.ModelAndView com.simple.project1.controller.MemberController.login(javax.servlet.http.HttpServletRequest,javax.servlet.http.HttpServletResponse,org.springframework.web.servlet.ModelAndView,com.simple.project1.model.MemberVO)
2019-09-23 23:04:28 [INFO ] [AbstractHandlerMethodMapping.java]register(543) : Mapped "{[/memberInsert.p1]}" onto public org.springframework.web.servlet.ModelAndView com.simple.project1.controller.MemberController.memberInsert_post(javax.servlet.http.HttpServletRequest,javax.servlet.http.HttpServletResponse,com.simple.project1.model.MemberVO,org.springframework.web.servlet.ModelAndView)
2019-09-23 23:04:28 [INFO ] [AbstractHandlerMethodMapping.java]register(543) : Mapped "{[/memberout.p1]}" onto public org.springframework.web.servlet.ModelAndView com.simple.project1.controller.MemberController.Login_memberout_post(javax.servlet.http.HttpServletRequest,javax.servlet.http.HttpServletResponse,org.springframework.web.servlet.ModelAndView)
2019-09-23 23:04:28 [INFO ] [AbstractHandlerMethodMapping.java]register(543) : Mapped "{[/memberEidtEnd.p1]}" onto public org.springframework.web.servlet.ModelAndView com.simple.project1.controller.MemberController.Login_memberEidtEnd_post(javax.servlet.http.HttpServletRequest,javax.servlet.http.HttpServletResponse,org.springframework.web.multipart.MultipartHttpServletRequest,org.springframework.web.servlet.ModelAndView,com.simple.project1.model.MemberVO)
2019-09-23 23:04:28 [INFO ] [AbstractHandlerMethodMapping.java]register(543) : Mapped "{[/paymentGateway.p1]}" onto public org.springframework.web.servlet.ModelAndView com.simple.project1.controller.MemberController.Login_paymentGateway_post(javax.servlet.http.HttpServletRequest,javax.servlet.http.HttpServletResponse,org.springframework.web.servlet.ModelAndView,com.simple.project1.model.HotelRoomVO)
2019-09-23 23:04:28 [INFO ] [AbstractHandlerMethodMapping.java]register(543) : Mapped "{[/reserve.p1]}" onto public org.springframework.web.servlet.ModelAndView com.simple.project1.controller.MemberController.Login_reserve_post(javax.servlet.http.HttpServletRequest,javax.servlet.http.HttpServletResponse,org.springframework.web.servlet.ModelAndView,com.simple.project1.model.HotelRoomVO)
2019-09-23 23:04:28 [INFO ] [AbstractHandlerMethodMapping.java]register(543) : Mapped "{[/reservelist.p1]}" onto public org.springframework.web.servlet.ModelAndView com.simple.project1.controller.MemberController.Login_reservelist(javax.servlet.http.HttpServletRequest,javax.servlet.http.HttpServletResponse,org.springframework.web.servlet.ModelAndView,com.simple.project1.model.HotelRoomVO)
2019-09-23 23:04:28 [INFO ] [AbstractHandlerMethodMapping.java]register(543) : Mapped "{[/reservePoint.p1]}" onto public org.springframework.web.servlet.ModelAndView com.simple.project1.controller.MemberController.Login_reservePoint_post(javax.servlet.http.HttpServletRequest,javax.servlet.http.HttpServletResponse,org.springframework.web.servlet.ModelAndView,com.simple.project1.model.HotelRoomVO)
2019-09-23 23:04:28 [INFO ] [AbstractHandlerMethodMapping.java]register(543) : Mapped "{[/reserveReviewEnd.p1]}" onto public org.springframework.web.servlet.ModelAndView com.simple.project1.controller.MemberController.Login_reserveReviewEnd_post(javax.servlet.http.HttpServletRequest,javax.servlet.http.HttpServletResponse,org.springframework.web.servlet.ModelAndView,org.springframework.web.multipart.MultipartHttpServletRequest,com.simple.project1.model.ReviewVO)
2019-09-23 23:04:28 [INFO ] [AbstractHandlerMethodMapping.java]register(543) : Mapped "{[/reserveCancelEnd.p1]}" onto public org.springframework.web.servlet.ModelAndView com.simple.project1.controller.MemberController.Login_reserveCancelEnd_post(javax.servlet.http.HttpServletRequest,javax.servlet.http.HttpServletResponse,org.springframework.web.servlet.ModelAndView)
2019-09-23 23:04:28 [INFO ] [AbstractHandlerMethodMapping.java]register(543) : Mapped "{[/reserveReview.p1]}" onto public org.springframework.web.servlet.ModelAndView com.simple.project1.controller.MemberController.Login_reserveReview_post(javax.servlet.http.HttpServletRequest,javax.servlet.http.HttpServletResponse,org.springframework.web.servlet.ModelAndView,com.simple.project1.model.HotelRoomVO)
2019-09-23 23:04:28 [INFO ] [AbstractHandlerMethodMapping.java]register(543) : Mapped "{[/reserveCancel.p1]}" onto public org.springframework.web.servlet.ModelAndView com.simple.project1.controller.MemberController.Login_reserveCancel_post(javax.servlet.http.HttpServletRequest,javax.servlet.http.HttpServletResponse,org.springframework.web.servlet.ModelAndView,com.simple.project1.model.HotelRoomVO)
2019-09-23 23:04:28 [INFO ] [AbstractHandlerMethodMapping.java]register(543) : Mapped "{[/memberpage.p1]}" onto public org.springframework.web.servlet.ModelAndView com.simple.project1.controller.MemberController.Login_memberpage(javax.servlet.http.HttpServletRequest,javax.servlet.http.HttpServletResponse,org.springframework.web.servlet.ModelAndView)
2019-09-23 23:04:28 [INFO ] [AbstractHandlerMethodMapping.java]register(543) : Mapped "{[/memberedit.p1]}" onto public org.springframework.web.servlet.ModelAndView com.simple.project1.controller.MemberController.Login_chagepic0(javax.servlet.http.HttpServletRequest,javax.servlet.http.HttpServletResponse,org.springframework.web.servlet.ModelAndView)
2019-09-23 23:04:28 [INFO ] [AbstractHandlerMethodMapping.java]register(543) : Mapped "{[/duplicateCheck.p1]}" onto public org.springframework.web.servlet.ModelAndView com.simple.project1.controller.MemberController.duplicateCheck(javax.servlet.http.HttpServletRequest,org.springframework.web.servlet.ModelAndView)
2019-09-23 23:04:28 [INFO ] [AbstractHandlerMethodMapping.java]register(543) : Mapped "{[/heartlist.p1]}" onto public org.springframework.web.servlet.ModelAndView com.simple.project1.controller.MemberController.Login_heartlist(javax.servlet.http.HttpServletRequest,javax.servlet.http.HttpServletResponse,org.springframework.web.servlet.ModelAndView,com.simple.project1.model.HotelRoomVO)
2019-09-23 23:04:28 [INFO ] [AbstractHandlerMethodMapping.java]register(543) : Mapped "{[/modalIdFind.p1]}" onto public org.springframework.web.servlet.ModelAndView com.simple.project1.controller.MemberController.modalIdFind(javax.servlet.http.HttpServletRequest,org.springframework.web.servlet.ModelAndView,com.simple.project1.model.MemberVO)
2019-09-23 23:04:28 [INFO ] [AbstractHandlerMethodMapping.java]register(543) : Mapped "{[/addHeart.p1]}" onto public org.springframework.web.servlet.ModelAndView com.simple.project1.controller.MemberController.Login2_addHeart(javax.servlet.http.HttpServletRequest,javax.servlet.http.HttpServletResponse,org.springframework.web.servlet.ModelAndView)
2019-09-23 23:04:28 [INFO ] [AbstractHandlerMethodMapping.java]register(543) : Mapped "{[/modalChangePwd.p1]}" onto public org.springframework.web.servlet.ModelAndView com.simple.project1.controller.MemberController.modalChangePwd(javax.servlet.http.HttpServletRequest,org.springframework.web.servlet.ModelAndView,com.simple.project1.model.MemberVO)
2019-09-23 23:04:28 [INFO ] [AbstractHandlerMethodMapping.java]register(543) : Mapped "{[/modalPwdFind.p1]}" onto public org.springframework.web.servlet.ModelAndView com.simple.project1.controller.MemberController.modalPwdFind(javax.servlet.http.HttpServletRequest,org.springframework.web.servlet.ModelAndView,com.simple.project1.model.MemberVO)
2019-09-23 23:04:28 [INFO ] [RequestMappingHandlerAdapter.java]initControllerAdviceCache(534) : Looking for @ControllerAdvice: WebApplicationContext for namespace 'appServlet-servlet': startup date [Mon Sep 23 23:04:27 KST 2019]; parent: Root WebApplicationContext
2019-09-23 23:04:28 [INFO ] [RequestMappingHandlerAdapter.java]initControllerAdviceCache(534) : Looking for @ControllerAdvice: WebApplicationContext for namespace 'appServlet-servlet': startup date [Mon Sep 23 23:04:27 KST 2019]; parent: Root WebApplicationContext
2019-09-23 23:04:28 [INFO ] [AbstractUrlHandlerMapping.java]registerHandler(354) : Mapped URL path [/resources/**] onto handler 'org.springframework.web.servlet.resource.ResourceHttpRequestHandler#0'
2019-09-23 23:04:28 [INFO ] [TilesAccess.java]setContainer(93) : Publishing TilesContext for context: org.springframework.web.servlet.view.tiles3.SpringWildcardServletTilesApplicationContext
2019-09-23 23:04:29 [INFO ] [ScheduledAnnotationBeanPostProcessor.java]finishRegistration(245) : No TaskScheduler/ScheduledExecutorService bean found for scheduled processing
2019-09-23 23:04:29 [INFO ] [FrameworkServlet.java]initServletBean(508) : FrameworkServlet 'appServlet': initialization completed in 1823 ms
2019-09-23 23:05:22 [INFO ] [AbstractApplicationContext.java]doClose(987) : Closing WebApplicationContext for namespace 'appServlet-servlet': startup date [Mon Sep 23 23:04:27 KST 2019]; parent: Root WebApplicationContext
2019-09-23 23:05:22 [INFO ] [TilesAccess.java]setContainer(88) : Removing TilesContext for context: org.springframework.web.servlet.view.tiles3.SpringWildcardServletTilesApplicationContext
2019-09-23 23:05:25 [INFO ] [ContextLoader.java]initWebApplicationContext(305) : Root WebApplicationContext: initialization started
2019-09-23 23:05:25 [INFO ] [AbstractApplicationContext.java]prepareRefresh(582) : Refreshing Root WebApplicationContext: startup date [Mon Sep 23 23:05:25 KST 2019]; root of context hierarchy
2019-09-23 23:05:25 [INFO ] [XmlBeanDefinitionReader.java]loadBeanDefinitions(317) : Loading XML bean definitions from ServletContext resource [/WEB-INF/spring/root-context.xml]
2019-09-23 23:05:27 [INFO ] [ContextLoader.java]initWebApplicationContext(345) : Root WebApplicationContext: initialization completed in 1435 ms
2019-09-23 23:05:27 [INFO ] [FrameworkServlet.java]initServletBean(489) : FrameworkServlet 'appServlet': initialization started
2019-09-23 23:05:27 [INFO ] [AbstractApplicationContext.java]prepareRefresh(582) : Refreshing WebApplicationContext for namespace 'appServlet-servlet': startup date [Mon Sep 23 23:05:27 KST 2019]; parent: Root WebApplicationContext
2019-09-23 23:05:27 [INFO ] [XmlBeanDefinitionReader.java]loadBeanDefinitions(317) : Loading XML bean definitions from ServletContext resource [/WEB-INF/spring/appServlet/servlet-context.xml]
2019-09-23 23:05:27 [INFO ] [XmlBeanDefinitionReader.java]loadBeanDefinitions(317) : Loading XML bean definitions from ServletContext resource [/WEB-INF/spring/config/websocketContext.xml]
2019-09-23 23:05:27 [INFO ] [AutowiredAnnotationBeanPostProcessor.java]<init>(155) : JSR-330 'javax.inject.Inject' annotation found and supported for autowiring
2019-09-23 23:05:28 [INFO ] [AbstractHandlerMethodMapping.java]register(543) : Mapped "{[/weatherXML.go],methods=[GET]}" onto public java.lang.String com.simple.project1.common.WeatherController.weatherXML()
2019-09-23 23:05:28 [INFO ] [AbstractHandlerMethodMapping.java]register(543) : Mapped "{[/productStatusDetail.p1]}" onto public org.springframework.web.servlet.ModelAndView com.simple.project1.controller.AdminController.productStatusDetail(javax.servlet.http.HttpServletRequest,org.springframework.web.servlet.ModelAndView)
2019-09-23 23:05:28 [INFO ] [AbstractHandlerMethodMapping.java]register(543) : Mapped "{[/productStatus.p1]}" onto public org.springframework.web.servlet.ModelAndView com.simple.project1.controller.AdminController.productStatus(org.springframework.web.servlet.ModelAndView,com.simple.project1.model.HotelRoomVO)
2019-09-23 23:05:28 [INFO ] [AbstractHandlerMethodMapping.java]register(543) : Mapped "{[/hotelReg.p1]}" onto public org.springframework.web.servlet.ModelAndView com.simple.project1.controller.AdminController.hotelReg(org.springframework.web.servlet.ModelAndView)
2019-09-23 23:05:28 [INFO ] [AbstractHandlerMethodMapping.java]register(543) : Mapped "{[/adminReserveList.p1]}" onto public org.springframework.web.servlet.ModelAndView com.simple.project1.controller.AdminController.adminReserveList(javax.servlet.http.HttpServletRequest,org.springframework.web.servlet.ModelAndView,com.simple.project1.model.HotelRoomVO)
2019-09-23 23:05:28 [INFO ] [AbstractHandlerMethodMapping.java]register(543) : Mapped "{[/productChart.p1]}" onto public org.springframework.web.servlet.ModelAndView com.simple.project1.controller.AdminController.productChart(org.springframework.web.servlet.ModelAndView)
2019-09-23 23:05:28 [INFO ] [AbstractHandlerMethodMapping.java]register(543) : Mapped "{[/roomReg.p1]}" onto public org.springframework.web.servlet.ModelAndView com.simple.project1.controller.AdminController.roomReg(org.springframework.web.servlet.ModelAndView)
2019-09-23 23:05:28 [INFO ] [AbstractHandlerMethodMapping.java]register(543) : Mapped "{[/roomRegEnd.p1],methods=[POST]}" onto public org.springframework.web.servlet.ModelAndView com.simple.project1.controller.AdminController.roomRegEnd(com.simple.project1.model.HotelRoomVO,org.springframework.web.multipart.MultipartHttpServletRequest,org.springframework.web.servlet.ModelAndView)
2019-09-23 23:05:28 [INFO ] [AbstractHandlerMethodMapping.java]register(543) : Mapped "{[/productChange.p1],methods=[POST]}" onto public org.springframework.web.servlet.ModelAndView com.simple.project1.controller.AdminController.productChange(com.simple.project1.model.HotelRoomVO,javax.servlet.http.HttpServletRequest,org.springframework.web.servlet.ModelAndView)
2019-09-23 23:05:28 [INFO ] [AbstractHandlerMethodMapping.java]register(543) : Mapped "{[/hotelRegEnd.p1],methods=[POST]}" onto public org.springframework.web.servlet.ModelAndView com.simple.project1.controller.AdminController.hotelRegEnd(com.simple.project1.model.HotelRoomVO,org.springframework.web.multipart.MultipartHttpServletRequest,org.springframework.web.servlet.ModelAndView)
2019-09-23 23:05:28 [INFO ] [AbstractHandlerMethodMapping.java]register(543) : Mapped "{[/ajaxInsertReserve.p1],produces=[text/plain;charset=UTF-8]}" onto public java.lang.String com.simple.project1.controller.AjaxController.ajaxInsertReserve(javax.servlet.http.HttpServletRequest,com.simple.project1.model.HotelRoomVO)
2019-09-23 23:05:28 [INFO ] [AbstractHandlerMethodMapping.java]register(543) : Mapped "{[/ajaxWordSearch.p1],produces=[text/plain;charset=UTF-8]}" onto public java.lang.String com.simple.project1.controller.AjaxController.ajaxWordSearch(javax.servlet.http.HttpServletRequest)
2019-09-23 23:05:28 [INFO ] [AbstractHandlerMethodMapping.java]register(543) : Mapped "{[/ajaxReserveCk.p1],produces=[text/plain;charset=UTF-8]}" onto public java.lang.String com.simple.project1.controller.AjaxController.ajaxReserveCk(javax.servlet.http.HttpServletRequest,com.simple.project1.model.HotelRoomVO)
2019-09-23 23:05:28 [INFO ] [AbstractHandlerMethodMapping.java]register(543) : Mapped "{[/ajaxSearchMap.p1],produces=[text/plain;charset=UTF-8]}" onto public java.lang.String com.simple.project1.controller.AjaxController.ajaxSearchMap(javax.servlet.http.HttpServletRequest)
2019-09-23 23:05:28 [INFO ] [AbstractHandlerMethodMapping.java]register(543) : Mapped "{[/ajaxTrendList.p1],produces=[text/plain;charset=UTF-8]}" onto public java.lang.String com.simple.project1.controller.AjaxController.ajaxTrendList(javax.servlet.http.HttpServletRequest)
2019-09-23 23:05:28 [INFO ] [AbstractHandlerMethodMapping.java]register(543) : Mapped "{[/ajaxSearchOption.p1],produces=[text/plain;charset=UTF-8]}" onto public java.lang.String com.simple.project1.controller.AjaxController.ajaxSearchOption(javax.servlet.http.HttpServletRequest)
2019-09-23 23:05:28 [INFO ] [AbstractHandlerMethodMapping.java]register(543) : Mapped "{[/ajaxReview.p1],produces=[text/plain;charset=UTF-8]}" onto public java.lang.String com.simple.project1.controller.AjaxController.ajaxReview(javax.servlet.http.HttpServletRequest,com.simple.project1.model.HotelRoomVO)
2019-09-23 23:05:28 [INFO ] [AbstractHandlerMethodMapping.java]register(543) : Mapped "{[/ajaxWeatherXML.p1],produces=[text/plain;charset=UTF-8]}" onto public java.lang.String com.simple.project1.controller.AjaxController.ajaxWeatherXML(javax.servlet.http.HttpServletRequest)
2019-09-23 23:05:28 [INFO ] [AbstractHandlerMethodMapping.java]register(543) : Mapped "{[/ajaxHotelChart.p1],produces=[text/plain;charset=UTF-8]}" onto public java.lang.String com.simple.project1.controller.AjaxController.ajaxHotelChart(javax.servlet.http.HttpServletRequest)
2019-09-23 23:05:28 [INFO ] [AbstractHandlerMethodMapping.java]register(543) : Mapped "{[/ajaxHotelidx.p1],produces=[text/plain;charset=UTF-8]}" onto public java.lang.String com.simple.project1.controller.AjaxController.ajaxHotelidx(javax.servlet.http.HttpServletRequest)
2019-09-23 23:05:28 [INFO ] [AbstractHandlerMethodMapping.java]register(543) : Mapped "{[/ajaxSearchWord.p1],produces=[text/plain;charset=UTF-8]}" onto public java.lang.String com.simple.project1.controller.AjaxController.ajaxSearchWord(javax.servlet.http.HttpServletRequest)
2019-09-23 23:05:28 [INFO ] [AbstractHandlerMethodMapping.java]register(543) : Mapped "{[/index.p1]}" onto public org.springframework.web.servlet.ModelAndView com.simple.project1.controller.HotelRoomController.index(javax.servlet.http.HttpServletRequest,org.springframework.web.servlet.ModelAndView)
2019-09-23 23:05:28 [INFO ] [AbstractHandlerMethodMapping.java]register(543) : Mapped "{[/product.p1]}" onto public org.springframework.web.servlet.ModelAndView com.simple.project1.controller.HotelRoomController.product(javax.servlet.http.HttpServletRequest,javax.servlet.http.HttpServletResponse,org.springframework.web.servlet.ModelAndView,com.simple.project1.model.HotelRoomVO)
2019-09-23 23:05:28 [INFO ] [AbstractHandlerMethodMapping.java]register(543) : Mapped "{[/search.p1]}" onto public org.springframework.web.servlet.ModelAndView com.simple.project1.controller.HotelRoomController.roomSearch(javax.servlet.http.HttpServletRequest,javax.servlet.http.HttpServletResponse,org.springframework.web.servlet.ModelAndView,com.simple.project1.model.HotelRoomVO)
2019-09-23 23:05:28 [INFO ] [AbstractHandlerMethodMapping.java]register(543) : Mapped "{[/register.p1]}" onto public org.springframework.web.servlet.ModelAndView com.simple.project1.controller.MemberController.register(javax.servlet.http.HttpServletRequest,org.springframework.web.servlet.ModelAndView)
2019-09-23 23:05:28 [INFO ] [AbstractHandlerMethodMapping.java]register(543) : Mapped "{[/login.p1]}" onto public org.springframework.web.servlet.ModelAndView com.simple.project1.controller.MemberController.login(javax.servlet.http.HttpServletRequest,javax.servlet.http.HttpServletResponse,org.springframework.web.servlet.ModelAndView,com.simple.project1.model.MemberVO)
2019-09-23 23:05:28 [INFO ] [AbstractHandlerMethodMapping.java]register(543) : Mapped "{[/logout.p1]}" onto public org.springframework.web.servlet.ModelAndView com.simple.project1.controller.MemberController.logout(javax.servlet.http.HttpServletRequest,org.springframework.web.servlet.ModelAndView)
2019-09-23 23:05:28 [INFO ] [AbstractHandlerMethodMapping.java]register(543) : Mapped "{[/reserve.p1]}" onto public org.springframework.web.servlet.ModelAndView com.simple.project1.controller.MemberController.Login_reserve_post(javax.servlet.http.HttpServletRequest,javax.servlet.http.HttpServletResponse,org.springframework.web.servlet.ModelAndView,com.simple.project1.model.HotelRoomVO)
2019-09-23 23:05:28 [INFO ] [AbstractHandlerMethodMapping.java]register(543) : Mapped "{[/paymentGateway.p1]}" onto public org.springframework.web.servlet.ModelAndView com.simple.project1.controller.MemberController.Login_paymentGateway_post(javax.servlet.http.HttpServletRequest,javax.servlet.http.HttpServletResponse,org.springframework.web.servlet.ModelAndView,com.simple.project1.model.HotelRoomVO)
2019-09-23 23:05:28 [INFO ] [AbstractHandlerMethodMapping.java]register(543) : Mapped "{[/reservelist.p1]}" onto public org.springframework.web.servlet.ModelAndView com.simple.project1.controller.MemberController.Login_reservelist(javax.servlet.http.HttpServletRequest,javax.servlet.http.HttpServletResponse,org.springframework.web.servlet.ModelAndView,com.simple.project1.model.HotelRoomVO)
2019-09-23 23:05:28 [INFO ] [AbstractHandlerMethodMapping.java]register(543) : Mapped "{[/reserveCancel.p1]}" onto public org.springframework.web.servlet.ModelAndView com.simple.project1.controller.MemberController.Login_reserveCancel_post(javax.servlet.http.HttpServletRequest,javax.servlet.http.HttpServletResponse,org.springframework.web.servlet.ModelAndView,com.simple.project1.model.HotelRoomVO)
2019-09-23 23:05:28 [INFO ] [AbstractHandlerMethodMapping.java]register(543) : Mapped "{[/reserveReview.p1]}" onto public org.springframework.web.servlet.ModelAndView com.simple.project1.controller.MemberController.Login_reserveReview_post(javax.servlet.http.HttpServletRequest,javax.servlet.http.HttpServletResponse,org.springframework.web.servlet.ModelAndView,com.simple.project1.model.HotelRoomVO)
2019-09-23 23:05:28 [INFO ] [AbstractHandlerMethodMapping.java]register(543) : Mapped "{[/memberout.p1]}" onto public org.springframework.web.servlet.ModelAndView com.simple.project1.controller.MemberController.Login_memberout_post(javax.servlet.http.HttpServletRequest,javax.servlet.http.HttpServletResponse,org.springframework.web.servlet.ModelAndView)
2019-09-23 23:05:28 [INFO ] [AbstractHandlerMethodMapping.java]register(543) : Mapped "{[/reserveCancelEnd.p1]}" onto public org.springframework.web.servlet.ModelAndView com.simple.project1.controller.MemberController.Login_reserveCancelEnd_post(javax.servlet.http.HttpServletRequest,javax.servlet.http.HttpServletResponse,org.springframework.web.servlet.ModelAndView)
2019-09-23 23:05:28 [INFO ] [AbstractHandlerMethodMapping.java]register(543) : Mapped "{[/reserveReviewEnd.p1]}" onto public org.springframework.web.servlet.ModelAndView com.simple.project1.controller.MemberController.Login_reserveReviewEnd_post(javax.servlet.http.HttpServletRequest,javax.servlet.http.HttpServletResponse,org.springframework.web.servlet.ModelAndView,org.springframework.web.multipart.MultipartHttpServletRequest,com.simple.project1.model.ReviewVO)
2019-09-23 23:05:28 [INFO ] [AbstractHandlerMethodMapping.java]register(543) : Mapped "{[/reservePoint.p1]}" onto public org.springframework.web.servlet.ModelAndView com.simple.project1.controller.MemberController.Login_reservePoint_post(javax.servlet.http.HttpServletRequest,javax.servlet.http.HttpServletResponse,org.springframework.web.servlet.ModelAndView,com.simple.project1.model.HotelRoomVO)
2019-09-23 23:05:28 [INFO ] [AbstractHandlerMethodMapping.java]register(543) : Mapped "{[/memberEidtEnd.p1]}" onto public org.springframework.web.servlet.ModelAndView com.simple.project1.controller.MemberController.Login_memberEidtEnd_post(javax.servlet.http.HttpServletRequest,javax.servlet.http.HttpServletResponse,org.springframework.web.multipart.MultipartHttpServletRequest,org.springframework.web.servlet.ModelAndView,com.simple.project1.model.MemberVO)
2019-09-23 23:05:28 [INFO ] [AbstractHandlerMethodMapping.java]register(543) : Mapped "{[/memberInsert.p1]}" onto public org.springframework.web.servlet.ModelAndView com.simple.project1.controller.MemberController.memberInsert_post(javax.servlet.http.HttpServletRequest,javax.servlet.http.HttpServletResponse,com.simple.project1.model.MemberVO,org.springframework.web.servlet.ModelAndView)
2019-09-23 23:05:28 [INFO ] [AbstractHandlerMethodMapping.java]register(543) : Mapped "{[/memberedit.p1]}" onto public org.springframework.web.servlet.ModelAndView com.simple.project1.controller.MemberController.Login_chagepic0(javax.servlet.http.HttpServletRequest,javax.servlet.http.HttpServletResponse,org.springframework.web.servlet.ModelAndView)
2019-09-23 23:05:28 [INFO ] [AbstractHandlerMethodMapping.java]register(543) : Mapped "{[/modalIdFind.p1]}" onto public org.springframework.web.servlet.ModelAndView com.simple.project1.controller.MemberController.modalIdFind(javax.servlet.http.HttpServletRequest,org.springframework.web.servlet.ModelAndView,com.simple.project1.model.MemberVO)
2019-09-23 23:05:28 [INFO ] [AbstractHandlerMethodMapping.java]register(543) : Mapped "{[/duplicateCheck.p1]}" onto public org.springframework.web.servlet.ModelAndView com.simple.project1.controller.MemberController.duplicateCheck(javax.servlet.http.HttpServletRequest,org.springframework.web.servlet.ModelAndView)
2019-09-23 23:05:28 [INFO ] [AbstractHandlerMethodMapping.java]register(543) : Mapped "{[/memberpage.p1]}" onto public org.springframework.web.servlet.ModelAndView com.simple.project1.controller.MemberController.Login_memberpage(javax.servlet.http.HttpServletRequest,javax.servlet.http.HttpServletResponse,org.springframework.web.servlet.ModelAndView)
2019-09-23 23:05:28 [INFO ] [AbstractHandlerMethodMapping.java]register(543) : Mapped "{[/heartlist.p1]}" onto public org.springframework.web.servlet.ModelAndView com.simple.project1.controller.MemberController.Login_heartlist(javax.servlet.http.HttpServletRequest,javax.servlet.http.HttpServletResponse,org.springframework.web.servlet.ModelAndView,com.simple.project1.model.HotelRoomVO)
2019-09-23 23:05:28 [INFO ] [AbstractHandlerMethodMapping.java]register(543) : Mapped "{[/modalChangePwd.p1]}" onto public org.springframework.web.servlet.ModelAndView com.simple.project1.controller.MemberController.modalChangePwd(javax.servlet.http.HttpServletRequest,org.springframework.web.servlet.ModelAndView,com.simple.project1.model.MemberVO)
2019-09-23 23:05:28 [INFO ] [AbstractHandlerMethodMapping.java]register(543) : Mapped "{[/modalPwdFind.p1]}" onto public org.springframework.web.servlet.ModelAndView com.simple.project1.controller.MemberController.modalPwdFind(javax.servlet.http.HttpServletRequest,org.springframework.web.servlet.ModelAndView,com.simple.project1.model.MemberVO)
2019-09-23 23:05:28 [INFO ] [AbstractHandlerMethodMapping.java]register(543) : Mapped "{[/addHeart.p1]}" onto public org.springframework.web.servlet.ModelAndView com.simple.project1.controller.MemberController.Login2_addHeart(javax.servlet.http.HttpServletRequest,javax.servlet.http.HttpServletResponse,org.springframework.web.servlet.ModelAndView)
2019-09-23 23:05:28 [INFO ] [RequestMappingHandlerAdapter.java]initControllerAdviceCache(534) : Looking for @ControllerAdvice: WebApplicationContext for namespace 'appServlet-servlet': startup date [Mon Sep 23 23:05:27 KST 2019]; parent: Root WebApplicationContext
2019-09-23 23:05:28 [INFO ] [RequestMappingHandlerAdapter.java]initControllerAdviceCache(534) : Looking for @ControllerAdvice: WebApplicationContext for namespace 'appServlet-servlet': startup date [Mon Sep 23 23:05:27 KST 2019]; parent: Root WebApplicationContext
2019-09-23 23:05:29 [INFO ] [AbstractUrlHandlerMapping.java]registerHandler(354) : Mapped URL path [/resources/**] onto handler 'org.springframework.web.servlet.resource.ResourceHttpRequestHandler#0'
2019-09-23 23:05:29 [INFO ] [TilesAccess.java]setContainer(93) : Publishing TilesContext for context: org.springframework.web.servlet.view.tiles3.SpringWildcardServletTilesApplicationContext
2019-09-23 23:05:29 [INFO ] [ScheduledAnnotationBeanPostProcessor.java]finishRegistration(245) : No TaskScheduler/ScheduledExecutorService bean found for scheduled processing
2019-09-23 23:05:29 [INFO ] [FrameworkServlet.java]initServletBean(508) : FrameworkServlet 'appServlet': initialization completed in 2594 ms
2019-09-23 23:06:35 [INFO ] [AbstractApplicationContext.java]doClose(987) : Closing WebApplicationContext for namespace 'appServlet-servlet': startup date [Mon Sep 23 23:05:27 KST 2019]; parent: Root WebApplicationContext
2019-09-23 23:06:35 [INFO ] [TilesAccess.java]setContainer(88) : Removing TilesContext for context: org.springframework.web.servlet.view.tiles3.SpringWildcardServletTilesApplicationContext
2019-09-23 23:06:37 [INFO ] [ContextLoader.java]initWebApplicationContext(305) : Root WebApplicationContext: initialization started
2019-09-23 23:06:37 [INFO ] [AbstractApplicationContext.java]prepareRefresh(582) : Refreshing Root WebApplicationContext: startup date [Mon Sep 23 23:06:37 KST 2019]; root of context hierarchy
2019-09-23 23:06:37 [INFO ] [XmlBeanDefinitionReader.java]loadBeanDefinitions(317) : Loading XML bean definitions from ServletContext resource [/WEB-INF/spring/root-context.xml]
2019-09-23 23:06:38 [INFO ] [ContextLoader.java]initWebApplicationContext(345) : Root WebApplicationContext: initialization completed in 874 ms
2019-09-23 23:06:38 [INFO ] [FrameworkServlet.java]initServletBean(489) : FrameworkServlet 'appServlet': initialization started
2019-09-23 23:06:38 [INFO ] [AbstractApplicationContext.java]prepareRefresh(582) : Refreshing WebApplicationContext for namespace 'appServlet-servlet': startup date [Mon Sep 23 23:06:38 KST 2019]; parent: Root WebApplicationContext
2019-09-23 23:06:38 [INFO ] [XmlBeanDefinitionReader.java]loadBeanDefinitions(317) : Loading XML bean definitions from ServletContext resource [/WEB-INF/spring/appServlet/servlet-context.xml]
2019-09-23 23:06:38 [INFO ] [XmlBeanDefinitionReader.java]loadBeanDefinitions(317) : Loading XML bean definitions from ServletContext resource [/WEB-INF/spring/config/websocketContext.xml]
2019-09-23 23:06:38 [INFO ] [AutowiredAnnotationBeanPostProcessor.java]<init>(155) : JSR-330 'javax.inject.Inject' annotation found and supported for autowiring
2019-09-23 23:06:39 [INFO ] [AbstractHandlerMethodMapping.java]register(543) : Mapped "{[/weatherXML.go],methods=[GET]}" onto public java.lang.String com.simple.project1.common.WeatherController.weatherXML()
2019-09-23 23:06:39 [INFO ] [AbstractHandlerMethodMapping.java]register(543) : Mapped "{[/productStatusDetail.p1]}" onto public org.springframework.web.servlet.ModelAndView com.simple.project1.controller.AdminController.productStatusDetail(javax.servlet.http.HttpServletRequest,org.springframework.web.servlet.ModelAndView)
2019-09-23 23:06:39 [INFO ] [AbstractHandlerMethodMapping.java]register(543) : Mapped "{[/productStatus.p1]}" onto public org.springframework.web.servlet.ModelAndView com.simple.project1.controller.AdminController.productStatus(org.springframework.web.servlet.ModelAndView,com.simple.project1.model.HotelRoomVO)
2019-09-23 23:06:39 [INFO ] [AbstractHandlerMethodMapping.java]register(543) : Mapped "{[/hotelReg.p1]}" onto public org.springframework.web.servlet.ModelAndView com.simple.project1.controller.AdminController.hotelReg(org.springframework.web.servlet.ModelAndView)
2019-09-23 23:06:39 [INFO ] [AbstractHandlerMethodMapping.java]register(543) : Mapped "{[/adminReserveList.p1]}" onto public org.springframework.web.servlet.ModelAndView com.simple.project1.controller.AdminController.adminReserveList(javax.servlet.http.HttpServletRequest,org.springframework.web.servlet.ModelAndView,com.simple.project1.model.HotelRoomVO)
2019-09-23 23:06:39 [INFO ] [AbstractHandlerMethodMapping.java]register(543) : Mapped "{[/productChart.p1]}" onto public org.springframework.web.servlet.ModelAndView com.simple.project1.controller.AdminController.productChart(org.springframework.web.servlet.ModelAndView)
2019-09-23 23:06:39 [INFO ] [AbstractHandlerMethodMapping.java]register(543) : Mapped "{[/roomReg.p1]}" onto public org.springframework.web.servlet.ModelAndView com.simple.project1.controller.AdminController.roomReg(org.springframework.web.servlet.ModelAndView)
2019-09-23 23:06:39 [INFO ] [AbstractHandlerMethodMapping.java]register(543) : Mapped "{[/roomRegEnd.p1],methods=[POST]}" onto public org.springframework.web.servlet.ModelAndView com.simple.project1.controller.AdminController.roomRegEnd(com.simple.project1.model.HotelRoomVO,org.springframework.web.multipart.MultipartHttpServletRequest,org.springframework.web.servlet.ModelAndView)
2019-09-23 23:06:39 [INFO ] [AbstractHandlerMethodMapping.java]register(543) : Mapped "{[/productChange.p1],methods=[POST]}" onto public org.springframework.web.servlet.ModelAndView com.simple.project1.controller.AdminController.productChange(com.simple.project1.model.HotelRoomVO,javax.servlet.http.HttpServletRequest,org.springframework.web.servlet.ModelAndView)
2019-09-23 23:06:39 [INFO ] [AbstractHandlerMethodMapping.java]register(543) : Mapped "{[/hotelRegEnd.p1],methods=[POST]}" onto public org.springframework.web.servlet.ModelAndView com.simple.project1.controller.AdminController.hotelRegEnd(com.simple.project1.model.HotelRoomVO,org.springframework.web.multipart.MultipartHttpServletRequest,org.springframework.web.servlet.ModelAndView)
2019-09-23 23:06:39 [INFO ] [AbstractHandlerMethodMapping.java]register(543) : Mapped "{[/ajaxInsertReserve.p1],produces=[text/plain;charset=UTF-8]}" onto public java.lang.String com.simple.project1.controller.AjaxController.ajaxInsertReserve(javax.servlet.http.HttpServletRequest,com.simple.project1.model.HotelRoomVO)
2019-09-23 23:06:39 [INFO ] [AbstractHandlerMethodMapping.java]register(543) : Mapped "{[/ajaxWordSearch.p1],produces=[text/plain;charset=UTF-8]}" onto public java.lang.String com.simple.project1.controller.AjaxController.ajaxWordSearch(javax.servlet.http.HttpServletRequest)
2019-09-23 23:06:39 [INFO ] [AbstractHandlerMethodMapping.java]register(543) : Mapped "{[/ajaxReserveCk.p1],produces=[text/plain;charset=UTF-8]}" onto public java.lang.String com.simple.project1.controller.AjaxController.ajaxReserveCk(javax.servlet.http.HttpServletRequest,com.simple.project1.model.HotelRoomVO)
2019-09-23 23:06:39 [INFO ] [AbstractHandlerMethodMapping.java]register(543) : Mapped "{[/ajaxSearchMap.p1],produces=[text/plain;charset=UTF-8]}" onto public java.lang.String com.simple.project1.controller.AjaxController.ajaxSearchMap(javax.servlet.http.HttpServletRequest)
2019-09-23 23:06:39 [INFO ] [AbstractHandlerMethodMapping.java]register(543) : Mapped "{[/ajaxTrendList.p1],produces=[text/plain;charset=UTF-8]}" onto public java.lang.String com.simple.project1.controller.AjaxController.ajaxTrendList(javax.servlet.http.HttpServletRequest)
2019-09-23 23:06:39 [INFO ] [AbstractHandlerMethodMapping.java]register(543) : Mapped "{[/ajaxSearchOption.p1],produces=[text/plain;charset=UTF-8]}" onto public java.lang.String com.simple.project1.controller.AjaxController.ajaxSearchOption(javax.servlet.http.HttpServletRequest)
2019-09-23 23:06:39 [INFO ] [AbstractHandlerMethodMapping.java]register(543) : Mapped "{[/ajaxReview.p1],produces=[text/plain;charset=UTF-8]}" onto public java.lang.String com.simple.project1.controller.AjaxController.ajaxReview(javax.servlet.http.HttpServletRequest,com.simple.project1.model.HotelRoomVO)
2019-09-23 23:06:39 [INFO ] [AbstractHandlerMethodMapping.java]register(543) : Mapped "{[/ajaxWeatherXML.p1],produces=[text/plain;charset=UTF-8]}" onto public java.lang.String com.simple.project1.controller.AjaxController.ajaxWeatherXML(javax.servlet.http.HttpServletRequest)
2019-09-23 23:06:39 [INFO ] [AbstractHandlerMethodMapping.java]register(543) : Mapped "{[/ajaxHotelChart.p1],produces=[text/plain;charset=UTF-8]}" onto public java.lang.String com.simple.project1.controller.AjaxController.ajaxHotelChart(javax.servlet.http.HttpServletRequest)
2019-09-23 23:06:39 [INFO ] [AbstractHandlerMethodMapping.java]register(543) : Mapped "{[/ajaxHotelidx.p1],produces=[text/plain;charset=UTF-8]}" onto public java.lang.String com.simple.project1.controller.AjaxController.ajaxHotelidx(javax.servlet.http.HttpServletRequest)
2019-09-23 23:06:39 [INFO ] [AbstractHandlerMethodMapping.java]register(543) : Mapped "{[/ajaxSearchWord.p1],produces=[text/plain;charset=UTF-8]}" onto public java.lang.String com.simple.project1.controller.AjaxController.ajaxSearchWord(javax.servlet.http.HttpServletRequest)
2019-09-23 23:06:39 [INFO ] [AbstractHandlerMethodMapping.java]register(543) : Mapped "{[/index.p1]}" onto public org.springframework.web.servlet.ModelAndView com.simple.project1.controller.HotelRoomController.index(javax.servlet.http.HttpServletRequest,org.springframework.web.servlet.ModelAndView)
2019-09-23 23:06:39 [INFO ] [AbstractHandlerMethodMapping.java]register(543) : Mapped "{[/product.p1]}" onto public org.springframework.web.servlet.ModelAndView com.simple.project1.controller.HotelRoomController.product(javax.servlet.http.HttpServletRequest,javax.servlet.http.HttpServletResponse,org.springframework.web.servlet.ModelAndView,com.simple.project1.model.HotelRoomVO)
2019-09-23 23:06:39 [INFO ] [AbstractHandlerMethodMapping.java]register(543) : Mapped "{[/search.p1]}" onto public org.springframework.web.servlet.ModelAndView com.simple.project1.controller.HotelRoomController.roomSearch(javax.servlet.http.HttpServletRequest,javax.servlet.http.HttpServletResponse,org.springframework.web.servlet.ModelAndView,com.simple.project1.model.HotelRoomVO)
2019-09-23 23:06:39 [INFO ] [AbstractHandlerMethodMapping.java]register(543) : Mapped "{[/register.p1]}" onto public org.springframework.web.servlet.ModelAndView com.simple.project1.controller.MemberController.register(javax.servlet.http.HttpServletRequest,org.springframework.web.servlet.ModelAndView)
2019-09-23 23:06:39 [INFO ] [AbstractHandlerMethodMapping.java]register(543) : Mapped "{[/login.p1]}" onto public org.springframework.web.servlet.ModelAndView com.simple.project1.controller.MemberController.login(javax.servlet.http.HttpServletRequest,javax.servlet.http.HttpServletResponse,org.springframework.web.servlet.ModelAndView,com.simple.project1.model.MemberVO)
2019-09-23 23:06:39 [INFO ] [AbstractHandlerMethodMapping.java]register(543) : Mapped "{[/logout.p1]}" onto public org.springframework.web.servlet.ModelAndView com.simple.project1.controller.MemberController.logout(javax.servlet.http.HttpServletRequest,org.springframework.web.servlet.ModelAndView)
2019-09-23 23:06:39 [INFO ] [AbstractHandlerMethodMapping.java]register(543) : Mapped "{[/reserve.p1]}" onto public org.springframework.web.servlet.ModelAndView com.simple.project1.controller.MemberController.Login_reserve_post(javax.servlet.http.HttpServletRequest,javax.servlet.http.HttpServletResponse,org.springframework.web.servlet.ModelAndView,com.simple.project1.model.HotelRoomVO)
2019-09-23 23:06:39 [INFO ] [AbstractHandlerMethodMapping.java]register(543) : Mapped "{[/paymentGateway.p1]}" onto public org.springframework.web.servlet.ModelAndView com.simple.project1.controller.MemberController.Login_paymentGateway_post(javax.servlet.http.HttpServletRequest,javax.servlet.http.HttpServletResponse,org.springframework.web.servlet.ModelAndView,com.simple.project1.model.HotelRoomVO)
2019-09-23 23:06:39 [INFO ] [AbstractHandlerMethodMapping.java]register(543) : Mapped "{[/reservelist.p1]}" onto public org.springframework.web.servlet.ModelAndView com.simple.project1.controller.MemberController.Login_reservelist(javax.servlet.http.HttpServletRequest,javax.servlet.http.HttpServletResponse,org.springframework.web.servlet.ModelAndView,com.simple.project1.model.HotelRoomVO)
2019-09-23 23:06:39 [INFO ] [AbstractHandlerMethodMapping.java]register(543) : Mapped "{[/reserveCancel.p1]}" onto public org.springframework.web.servlet.ModelAndView com.simple.project1.controller.MemberController.Login_reserveCancel_post(javax.servlet.http.HttpServletRequest,javax.servlet.http.HttpServletResponse,org.springframework.web.servlet.ModelAndView,com.simple.project1.model.HotelRoomVO)
2019-09-23 23:06:39 [INFO ] [AbstractHandlerMethodMapping.java]register(543) : Mapped "{[/reserveReview.p1]}" onto public org.springframework.web.servlet.ModelAndView com.simple.project1.controller.MemberController.Login_reserveReview_post(javax.servlet.http.HttpServletRequest,javax.servlet.http.HttpServletResponse,org.springframework.web.servlet.ModelAndView,com.simple.project1.model.HotelRoomVO)
2019-09-23 23:06:39 [INFO ] [AbstractHandlerMethodMapping.java]register(543) : Mapped "{[/memberout.p1]}" onto public org.springframework.web.servlet.ModelAndView com.simple.project1.controller.MemberController.Login_memberout_post(javax.servlet.http.HttpServletRequest,javax.servlet.http.HttpServletResponse,org.springframework.web.servlet.ModelAndView)
2019-09-23 23:06:39 [INFO ] [AbstractHandlerMethodMapping.java]register(543) : Mapped "{[/reserveCancelEnd.p1]}" onto public org.springframework.web.servlet.ModelAndView com.simple.project1.controller.MemberController.Login_reserveCancelEnd_post(javax.servlet.http.HttpServletRequest,javax.servlet.http.HttpServletResponse,org.springframework.web.servlet.ModelAndView)
2019-09-23 23:06:39 [INFO ] [AbstractHandlerMethodMapping.java]register(543) : Mapped "{[/reserveReviewEnd.p1]}" onto public org.springframework.web.servlet.ModelAndView com.simple.project1.controller.MemberController.Login_reserveReviewEnd_post(javax.servlet.http.HttpServletRequest,javax.servlet.http.HttpServletResponse,org.springframework.web.servlet.ModelAndView,org.springframework.web.multipart.MultipartHttpServletRequest,com.simple.project1.model.ReviewVO)
2019-09-23 23:06:39 [INFO ] [AbstractHandlerMethodMapping.java]register(543) : Mapped "{[/reservePoint.p1]}" onto public org.springframework.web.servlet.ModelAndView com.simple.project1.controller.MemberController.Login_reservePoint_post(javax.servlet.http.HttpServletRequest,javax.servlet.http.HttpServletResponse,org.springframework.web.servlet.ModelAndView,com.simple.project1.model.HotelRoomVO)
2019-09-23 23:06:39 [INFO ] [AbstractHandlerMethodMapping.java]register(543) : Mapped "{[/memberEidtEnd.p1]}" onto public org.springframework.web.servlet.ModelAndView com.simple.project1.controller.MemberController.Login_memberEidtEnd_post(javax.servlet.http.HttpServletRequest,javax.servlet.http.HttpServletResponse,org.springframework.web.multipart.MultipartHttpServletRequest,org.springframework.web.servlet.ModelAndView,com.simple.project1.model.MemberVO)
2019-09-23 23:06:39 [INFO ] [AbstractHandlerMethodMapping.java]register(543) : Mapped "{[/memberInsert.p1]}" onto public org.springframework.web.servlet.ModelAndView com.simple.project1.controller.MemberController.memberInsert_post(javax.servlet.http.HttpServletRequest,javax.servlet.http.HttpServletResponse,com.simple.project1.model.MemberVO,org.springframework.web.servlet.ModelAndView)
2019-09-23 23:06:39 [INFO ] [AbstractHandlerMethodMapping.java]register(543) : Mapped "{[/memberedit.p1]}" onto public org.springframework.web.servlet.ModelAndView com.simple.project1.controller.MemberController.Login_chagepic0(javax.servlet.http.HttpServletRequest,javax.servlet.http.HttpServletResponse,org.springframework.web.servlet.ModelAndView)
2019-09-23 23:06:39 [INFO ] [AbstractHandlerMethodMapping.java]register(543) : Mapped "{[/modalIdFind.p1]}" onto public org.springframework.web.servlet.ModelAndView com.simple.project1.controller.MemberController.modalIdFind(javax.servlet.http.HttpServletRequest,org.springframework.web.servlet.ModelAndView,com.simple.project1.model.MemberVO)
2019-09-23 23:06:39 [INFO ] [AbstractHandlerMethodMapping.java]register(543) : Mapped "{[/duplicateCheck.p1]}" onto public org.springframework.web.servlet.ModelAndView com.simple.project1.controller.MemberController.duplicateCheck(javax.servlet.http.HttpServletRequest,org.springframework.web.servlet.ModelAndView)
2019-09-23 23:06:39 [INFO ] [AbstractHandlerMethodMapping.java]register(543) : Mapped "{[/memberpage.p1]}" onto public org.springframework.web.servlet.ModelAndView com.simple.project1.controller.MemberController.Login_memberpage(javax.servlet.http.HttpServletRequest,javax.servlet.http.HttpServletResponse,org.springframework.web.servlet.ModelAndView)
2019-09-23 23:06:39 [INFO ] [AbstractHandlerMethodMapping.java]register(543) : Mapped "{[/heartlist.p1]}" onto public org.springframework.web.servlet.ModelAndView com.simple.project1.controller.MemberController.Login_heartlist(javax.servlet.http.HttpServletRequest,javax.servlet.http.HttpServletResponse,org.springframework.web.servlet.ModelAndView,com.simple.project1.model.HotelRoomVO)
2019-09-23 23:06:39 [INFO ] [AbstractHandlerMethodMapping.java]register(543) : Mapped "{[/modalChangePwd.p1]}" onto public org.springframework.web.servlet.ModelAndView com.simple.project1.controller.MemberController.modalChangePwd(javax.servlet.http.HttpServletRequest,org.springframework.web.servlet.ModelAndView,com.simple.project1.model.MemberVO)
2019-09-23 23:06:39 [INFO ] [AbstractHandlerMethodMapping.java]register(543) : Mapped "{[/modalPwdFind.p1]}" onto public org.springframework.web.servlet.ModelAndView com.simple.project1.controller.MemberController.modalPwdFind(javax.servlet.http.HttpServletRequest,org.springframework.web.servlet.ModelAndView,com.simple.project1.model.MemberVO)
2019-09-23 23:06:39 [INFO ] [AbstractHandlerMethodMapping.java]register(543) : Mapped "{[/addHeart.p1]}" onto public org.springframework.web.servlet.ModelAndView com.simple.project1.controller.MemberController.Login2_addHeart(javax.servlet.http.HttpServletRequest,javax.servlet.http.HttpServletResponse,org.springframework.web.servlet.ModelAndView)
2019-09-23 23:06:39 [INFO ] [RequestMappingHandlerAdapter.java]initControllerAdviceCache(534) : Looking for @ControllerAdvice: WebApplicationContext for namespace 'appServlet-servlet': startup date [Mon Sep 23 23:06:38 KST 2019]; parent: Root WebApplicationContext
2019-09-23 23:06:40 [INFO ] [RequestMappingHandlerAdapter.java]initControllerAdviceCache(534) : Looking for @ControllerAdvice: WebApplicationContext for namespace 'appServlet-servlet': startup date [Mon Sep 23 23:06:38 KST 2019]; parent: Root WebApplicationContext
2019-09-23 23:06:40 [INFO ] [AbstractUrlHandlerMapping.java]registerHandler(354) : Mapped URL path [/resources/**] onto handler 'org.springframework.web.servlet.resource.ResourceHttpRequestHandler#0'
2019-09-23 23:06:40 [INFO ] [TilesAccess.java]setContainer(93) : Publishing TilesContext for context: org.springframework.web.servlet.view.tiles3.SpringWildcardServletTilesApplicationContext
2019-09-23 23:06:40 [INFO ] [ScheduledAnnotationBeanPostProcessor.java]finishRegistration(245) : No TaskScheduler/ScheduledExecutorService bean found for scheduled processing
2019-09-23 23:06:40 [INFO ] [FrameworkServlet.java]initServletBean(508) : FrameworkServlet 'appServlet': initialization completed in 2341 ms
2019-09-23 23:12:01 [INFO ] [AbstractApplicationContext.java]doClose(987) : Closing WebApplicationContext for namespace 'appServlet-servlet': startup date [Mon Sep 23 23:06:38 KST 2019]; parent: Root WebApplicationContext
2019-09-23 23:12:01 [INFO ] [TilesAccess.java]setContainer(88) : Removing TilesContext for context: org.springframework.web.servlet.view.tiles3.SpringWildcardServletTilesApplicationContext
